<?xml version="1.0" encoding="UTF-8"?>
<testsuite xmlns:xsi="http://www.w3.org/2001/XMLSchema-instance" xsi:noNamespaceSchemaLocation="https://maven.apache.org/surefire/maven-surefire-plugin/xsd/surefire-test-report.xsd" version="3.0.2" name="com.cassio.polychat.PolymorphicChatApplicationTests" time="10.308" tests="1" errors="0" skipped="0" failures="0">
  <properties>
[...]
</properties>
  <testcase name="contextLoads" classname="com.cassio.polychat.PolymorphicChatApplicationTests" time="0.583">
    <system-out><![CDATA[11:17:36.758 [main] INFO org.springframework.test.context.support.AnnotationConfigContextLoaderUtils -- Could not detect default configuration classes for test class [com.cassio.polychat.PolymorphicChatApplicationTests]: PolymorphicChatApplicationTests does not declare any static, non-private, non-final, nested classes annotated with @Configuration.
11:17:36.926 [main] INFO org.springframework.boot.test.context.SpringBootTestContextBootstrapper -- Found @SpringBootConfiguration com.cassio.polychat.PolymorphicChatApplication for test class com.cassio.polychat.PolymorphicChatApplicationTests
11:17:37.105 [main] INFO org.springframework.boot.devtools.restart.RestartApplicationListener -- Restart disabled due to context in which it is running

  .   ____          _            __ _ _
 /\\ / ___'_ __ _ _(_)_ __  __ _ \ \ \ \
( ( )\___ | '_ | '_| | '_ \/ _` | \ \ \ \
 \\/  ___)| |_)| | | | | || (_| |  ) ) ) )
  '  |____| .__|_| |_|_| |_\__, | / / / /
 =========|_|==============|___/=/_/_/_/

 :: Spring Boot ::                (v4.0.1)

2025-12-26T11:17:37.461-03:00  INFO 7933 --- [Polymorphic Chat] [           main] c.c.p.PolymorphicChatApplicationTests    : Starting PolymorphicChatApplicationTests using Java 21.0.4 with PID 7933 (started by cassio in /var/home/cassio/git/Polymorphic-Chat)
2025-12-26T11:17:37.463-03:00  INFO 7933 --- [Polymorphic Chat] [           main] c.c.p.PolymorphicChatApplicationTests    : No active profile set, falling back to 1 default profile: "default"
2025-12-26T11:17:38.459-03:00  INFO 7933 --- [Polymorphic Chat] [           main] .s.d.r.c.RepositoryConfigurationDelegate : Multiple Spring Data modules found, entering strict repository configuration mode
2025-12-26T11:17:38.462-03:00  INFO 7933 --- [Polymorphic Chat] [           main] .s.d.r.c.RepositoryConfigurationDelegate : Bootstrapping Spring Data R2DBC repositories in DEFAULT mode.
2025-12-26T11:17:38.492-03:00  INFO 7933 --- [Polymorphic Chat] [           main] .s.d.r.c.RepositoryConfigurationDelegate : Finished Spring Data repository scanning in 17 ms. Found 0 R2DBC repository interfaces.
2025-12-26T11:17:38.539-03:00  INFO 7933 --- [Polymorphic Chat] [           main] .s.d.r.c.RepositoryConfigurationDelegate : Multiple Spring Data modules found, entering strict repository configuration mode
2025-12-26T11:17:38.540-03:00  INFO 7933 --- [Polymorphic Chat] [           main] .s.d.r.c.RepositoryConfigurationDelegate : Bootstrapping Spring Data Redis repositories in DEFAULT mode.
2025-12-26T11:17:38.551-03:00  INFO 7933 --- [Polymorphic Chat] [           main] .s.d.r.c.RepositoryConfigurationDelegate : Finished Spring Data repository scanning in 1 ms. Found 0 Redis repository interfaces.
2025-12-26T11:17:39.134-03:00  INFO 7933 --- [Polymorphic Chat] [           main] org.testcontainers.images.PullPolicy     : Image pull policy will be performed by: DefaultPullPolicy()
2025-12-26T11:17:39.137-03:00  INFO 7933 --- [Polymorphic Chat] [           main] o.t.utility.ImageNameSubstitutor         : Image name substitution will be performed by: DefaultImageNameSubstitutor (composite of 'ConfigurationFileImageNameSubstitutor' and 'PrefixingImageNameSubstitutor')
2025-12-26T11:17:39.176-03:00  INFO 7933 --- [Polymorphic Chat] [           main] org.testcontainers.DockerClientFactory   : Testcontainers version: 2.0.3
2025-12-26T11:17:40.095-03:00  INFO 7933 --- [Polymorphic Chat] [           main] o.t.d.DockerClientProviderStrategy       : Found Docker environment with Environment variables, system properties and defaults. Resolved dockerHost=unix:///run/user/1000/podman/podman.sock
2025-12-26T11:17:40.096-03:00  INFO 7933 --- [Polymorphic Chat] [           main] org.testcontainers.DockerClientFactory   : Docker host IP address is localhost
2025-12-26T11:17:40.226-03:00  INFO 7933 --- [Polymorphic Chat] [           main] org.testcontainers.DockerClientFactory   : Connected to docker: 
  Server Version: 5.7.0
  API Version: 1.41
  Operating System: bazzite
  Total Memory: 15720 MB
2025-12-26T11:17:40.288-03:00  INFO 7933 --- [Polymorphic Chat] [           main] tc.testcontainers/ryuk:0.13.0            : Creating container for image: testcontainers/ryuk:0.13.0
2025-12-26T11:17:40.294-03:00  INFO 7933 --- [Polymorphic Chat] [           main] o.t.utility.RegistryAuthLocator          : Failure when attempting to lookup auth config. Please ignore if you don't have images in an authenticated registry. Details: (dockerImageName: testcontainers/ryuk:0.13.0, configFile: /home/cassio/.docker/config.json, configEnv: DOCKER_AUTH_CONFIG). Falling back to docker-java default behaviour. Exception message: Status 404: No config supplied. Checked in order: /home/cassio/.docker/config.json (file not found), DOCKER_AUTH_CONFIG (not set)
2025-12-26T11:17:40.386-03:00  INFO 7933 --- [Polymorphic Chat] [           main] tc.testcontainers/ryuk:0.13.0            : Container testcontainers/ryuk:0.13.0 is starting: 8a41faa88d4c4a152b1f8d062c68a19e68829a32912be86ab6fa57746af600b1
2025-12-26T11:17:40.715-03:00  INFO 7933 --- [Polymorphic Chat] [           main] tc.testcontainers/ryuk:0.13.0            : Container testcontainers/ryuk:0.13.0 started in PT0.427037583S
2025-12-26T11:17:40.719-03:00  INFO 7933 --- [Polymorphic Chat] [           main] o.t.utility.RyukResourceReaper           : Ryuk started - will monitor and terminate Testcontainers containers on JVM exit
2025-12-26T11:17:40.720-03:00  INFO 7933 --- [Polymorphic Chat] [           main] org.testcontainers.DockerClientFactory   : Checking the system...
2025-12-26T11:17:40.720-03:00  INFO 7933 --- [Polymorphic Chat] [           main] org.testcontainers.DockerClientFactory   : ✔︎ Docker server version should be at least 1.6.0
2025-12-26T11:17:40.727-03:00  INFO 7933 --- [Polymorphic Chat] [           main] tc.redis:latest                          : Creating container for image: redis:latest
2025-12-26T11:17:40.746-03:00  INFO 7933 --- [Polymorphic Chat] [           main] tc.redis:latest                          : Container redis:latest is starting: 5b0384c14242689d77b61aa9f0691c89f88aa73da3c089412e9aecff81581d77
2025-12-26T11:17:40.994-03:00  INFO 7933 --- [Polymorphic Chat] [           main] tc.redis:latest                          : Container redis:latest started in PT0.266584629S
2025-12-26T11:17:41.002-03:00  INFO 7933 --- [Polymorphic Chat] [           main] tc.postgres:latest                       : Creating container for image: postgres:latest
2025-12-26T11:17:41.022-03:00  INFO 7933 --- [Polymorphic Chat] [           main] tc.postgres:latest                       : Container postgres:latest is starting: 2fcbe09bdc49d84515ba26bf3182563cad50cc9b3406a1149b2574d759d827ff
2025-12-26T11:17:42.915-03:00  INFO 7933 --- [Polymorphic Chat] [           main] tc.postgres:latest                       : Container postgres:latest started in PT1.913263811S
2025-12-26T11:17:42.917-03:00  INFO 7933 --- [Polymorphic Chat] [           main] tc.postgres:latest                       : Container is started (JDBC URL: jdbc:postgresql://localhost:40745/test?loggerLevel=OFF)
2025-12-26T11:17:44.700-03:00  INFO 7933 --- [Polymorphic Chat] [           main] o.s.b.a.e.web.EndpointLinksResolver      : Exposing 1 endpoint beneath base path '/actuator'
2025-12-26T11:17:44.791-03:00  INFO 7933 --- [Polymorphic Chat] [           main] ctiveUserDetailsServiceAutoConfiguration : 

Using generated security password: b2b3d052-f4e7-47fc-821a-5188b014d04d

2025-12-26T11:17:45.888-03:00  INFO 7933 --- [Polymorphic Chat] [           main] org.flywaydb.core.FlywayExecutor         : Database: jdbc:postgresql://localhost:40745/test?loggerLevel=OFF (PostgreSQL 18.1)
2025-12-26T11:17:45.922-03:00  INFO 7933 --- [Polymorphic Chat] [           main] o.f.c.i.s.JdbcTableSchemaHistory         : Schema history table "public"."flyway_schema_history" does not exist yet
2025-12-26T11:17:45.924-03:00  INFO 7933 --- [Polymorphic Chat] [           main] o.f.core.internal.command.DbValidate     : Successfully validated 0 migrations (execution time 00:00.009s)
2025-12-26T11:17:45.925-03:00  WARN 7933 --- [Polymorphic Chat] [           main] o.f.core.internal.command.DbValidate     : No migrations found. Are your locations set up correctly?
2025-12-26T11:17:45.938-03:00  INFO 7933 --- [Polymorphic Chat] [           main] o.f.c.i.s.JdbcTableSchemaHistory         : Creating Schema History table "public"."flyway_schema_history" ...
2025-12-26T11:17:45.993-03:00  INFO 7933 --- [Polymorphic Chat] [           main] o.f.core.internal.command.DbMigrate      : Current version of schema "public": << Empty Schema >>
2025-12-26T11:17:45.997-03:00  INFO 7933 --- [Polymorphic Chat] [           main] o.f.core.internal.command.DbMigrate      : Schema "public" is up to date. No migration necessary.
2025-12-26T11:17:46.176-03:00  INFO 7933 --- [Polymorphic Chat] [           main] c.c.p.PolymorphicChatApplicationTests    : Started PolymorphicChatApplicationTests in 9.081 seconds (process running for 10.498)
]]></system-out>
    <system-err><![CDATA[Mockito is currently self-attaching to enable the inline-mock-maker. This will no longer work in future releases of the JDK. Please add Mockito as an agent to your build as described in Mockito's documentation: https://javadoc.io/doc/org.mockito/mockito-core/latest/org.mockito/org/mockito/Mockito.html#0.3
WARNING: A Java agent has been loaded dynamically (/home/cassio/.m2/repository/net/bytebuddy/byte-buddy-agent/1.17.8/byte-buddy-agent-1.17.8.jar)
WARNING: If a serviceability tool is in use, please run with -XX:+EnableDynamicAgentLoading to hide this warning
WARNING: If a serviceability tool is not in use, please run with -Djdk.instrument.traceUsage for more information
WARNING: Dynamic loading of agents will be disallowed by default in a future release
]]></system-err>
  </testcase>
</testsuite>